Time[ps]      Etot[eV]     Epot[eV]     Ekin[eV]    T[K]
0.0000        9000.0787    8996.9444       3.1343   898.1
0.0010        8974.2178    8971.0835       3.1343   898.1
0.0020        8682.0807    8678.9464       3.1343   898.1
0.0030        8773.5132    8770.3789       3.1343   898.1
0.0040        8707.9863    8704.8519       3.1344   898.1
0.0050        8853.1721    8850.0376       3.1345   898.1
Time[ps]      Etot[eV]     Epot[eV]     Ekin[eV]    T[K]
0.0000      100431.2581  100428.2315       3.0266   867.2
0.0010      100681.3524  100678.3258       3.0266   867.2
0.0020      101243.7565  101240.7299       3.0265   867.2
0.0030      100718.2623  100715.2358       3.0265   867.2
0.0040      101210.7250  101207.6984       3.0266   867.2
0.0050      100334.6962  100331.6693       3.0269   867.3
Time[ps]      Etot[eV]     Epot[eV]     Ekin[eV]    T[K]
0.0000       99876.0261   99873.0845       2.9416   842.9
0.0010       98091.0849   98088.1431       2.9418   842.9
0.0020       98821.0684   98818.1265       2.9419   842.9
0.0030       98840.1667   98837.2249       2.9418   842.9
0.0040       97525.4591   97522.5173       2.9418   842.9
0.0050       96881.3996   96878.4581       2.9415   842.8
Time[ps]      Etot[eV]     Epot[eV]     Ekin[eV]    T[K]
0.0000     10004218.6513 10004215.6847       2.9666   850.0
0.0010     10086613.8338 10086610.8683       2.9655   849.7
0.0020     10032421.6087 10032418.6434       2.9653   849.7
0.0030     9815803.7485 9815800.7430       3.0055   861.2
0.0040     10123468.1380 10123465.0260       3.1120   891.7
0.0050     10151180.8223 10151177.5972       3.2251   924.1
Time[ps]      Etot[eV]     Epot[eV]     Ekin[eV]    T[K]
0.0000     97373469.8455 97373466.8885       2.9570   847.3
0.0010     98258640.5259 98258635.4515       5.0744  1454.0
0.0020     98949357.1731 98949343.4768      13.6963  3924.4
0.0030     98785918.7498 98785903.8318      14.9180  4274.5
0.0040     96851879.7903 96851864.0343      15.7560  4514.6
0.0050     98670621.5636 98670605.5400      16.0236  4591.3
Time[ps]      Etot[eV]     Epot[eV]     Ekin[eV]    T[K]
0.0000     9883049.7480 9883046.7579       2.9901   856.8
0.0010     9770695.5533 9770692.5722       2.9811   854.2
0.0020     9725709.6334 9725706.6569       2.9764   852.8
0.0030     9895885.0611 9895882.0838       2.9773   853.1
0.0040     9541974.2782 9541971.3090       2.9692   850.8
0.0050     9719629.8059 9719626.8078       2.9981   859.0
0.0060     9738432.8664 9738429.8699       2.9965   858.6
0.0070     9936317.0124 9936314.0151       2.9973   858.8
0.0080     9823893.8423 9823890.8387       3.0037   860.6
0.0090     9643605.4623 9643602.4450       3.0173   864.6
0.0100     9890996.5320 9890993.4486       3.0835   883.5
0.0110     9922366.1337 9922362.9544       3.1793   911.0
0.0120     9977061.9032 9977058.6755       3.2277   924.8
0.0130     9925653.6016 9925650.3392       3.2624   934.8
0.0140     10011323.9641 10011320.6780       3.2861   941.6
0.0150     9792724.0601 9792720.7689       3.2912   943.0
0.0160     9580925.8286 9580922.4923       3.3363   956.0
0.0170     9619022.0174 9619018.0195       3.9979  1145.5
0.0180     9914908.2790 9914903.1500       5.1290  1469.6
0.0190     9872378.0941 9872372.8726       5.2214  1496.1
0.0200     9641155.7239 9641150.3837       5.3402  1530.1
0.0210     9821997.8427 9821992.3949       5.4478  1561.0
0.0220     9866208.3108 9866202.9109       5.3999  1547.2
0.0230     9923437.1494 9923431.7409       5.4085  1549.7
0.0240     9779048.0855 9779042.6231       5.4624  1565.1
0.0250     9794791.8375 9794786.2447       5.5929  1602.5
0.0260     9964521.9863 9964516.2207       5.7656  1652.0
0.0270     10120509.2187 10120503.4537       5.7649  1651.8
0.0280     10064580.2271 10064574.4621       5.7650  1651.9
0.0290     10380734.6872 10380728.8977       5.7895  1658.9
0.0300     10356147.2835 10356141.4535       5.8301  1670.5
0.0310     10043231.2082 10043225.2768       5.9314  1699.5
0.0320     10145717.4516 10145711.3939       6.0577  1735.7
0.0330     10314874.3533 10314868.2536       6.0997  1747.8
0.0340     10214208.3021 10214202.2083       6.0938  1746.1
0.0350     10581151.0328 10581144.9470       6.0859  1743.8
0.0360     10546541.8285 10546535.7421       6.0864  1744.0
0.0370     10396152.1555 10396146.0648       6.0907  1745.2
0.0380     10374130.9850 10374124.8837       6.1013  1748.2
0.0390     10395605.6198 10395599.5107       6.1091  1750.4
0.0400     10641829.0639 10641822.9305       6.1334  1757.4
0.0410     10355495.5951 10355489.4312       6.1638  1766.1
0.0420     10436734.7754 10436728.5916       6.1838  1771.8
0.0430     10497111.4795 10497105.2885       6.1910  1773.9
0.0440     10703460.1726 10703453.9617       6.2109  1779.6
0.0450     10701718.8233 10701712.5890       6.2343  1786.3
0.0460     10615171.0060 10615164.7536       6.2524  1791.5
0.0470     10786647.0977 10786640.8232       6.2745  1797.9
0.0480     10788544.4277 10788538.1342       6.2935  1803.3
0.0490     10674041.9327 10674035.6232       6.3095  1807.9
0.0500     10521605.7105 10521599.3934       6.3170  1810.0
Time[ps]      Etot[eV]     Epot[eV]     Ekin[eV]    T[K]
0.0000       21227.0455   21222.8465       4.1990  1203.1
0.0010       21164.8416   21160.6427       4.1990  1203.1
0.0020       20662.0770   20657.8780       4.1990  1203.1
0.0030       20931.4485   20927.2495       4.1990  1203.1
0.0040       20871.2436   20867.0446       4.1990  1203.1
0.0050       20797.8109   20793.6119       4.1990  1203.1
0.0060       20683.0547   20678.8557       4.1990  1203.1
0.0070       21066.7013   21062.5023       4.1990  1203.1
0.0080       20811.8845   20807.6855       4.1990  1203.1
0.0090       20383.2853   20379.0863       4.1990  1203.1
0.0100       21338.0051   21333.8061       4.1990  1203.1
0.0110       20863.5117   20859.3127       4.1990  1203.1
0.0120       20877.6041   20873.4052       4.1990  1203.1
0.0130       21067.2040   21063.0050       4.1990  1203.1
0.0140       21168.9815   21164.7825       4.1990  1203.1
0.0150       21163.0721   21158.8731       4.1990  1203.1
0.0160       20381.8789   20377.6799       4.1990  1203.1
0.0170       20585.0058   20580.8068       4.1990  1203.1
0.0180       20788.5901   20784.3912       4.1990  1203.1
0.0190       20539.3679   20535.1689       4.1990  1203.1
0.0200       20246.4750   20242.2761       4.1990  1203.1
0.0210       20892.3310   20888.1321       4.1990  1203.1
0.0220       21009.1402   21004.9413       4.1990  1203.1
0.0230       20954.0833   20949.8843       4.1990  1203.1
0.0240       21362.9749   21358.7759       4.1990  1203.1
0.0250       20799.5071   20795.3081       4.1990  1203.1
0.0260       20614.3901   20610.1911       4.1990  1203.1
0.0270       20953.9973   20949.7984       4.1990  1203.1
0.0280       21327.9420   21323.7430       4.1990  1203.1
0.0290       21455.4361   21451.2371       4.1990  1203.1
0.0300       21254.7958   21250.5968       4.1990  1203.1
0.0310       21470.5281   21466.3291       4.1990  1203.1
0.0320       21238.9977   21234.7987       4.1990  1203.1
0.0330       21596.4088   21592.2098       4.1990  1203.1
0.0340       21496.9083   21492.7094       4.1990  1203.1
0.0350       21571.1507   21566.9517       4.1990  1203.1
0.0360       21609.8748   21605.6758       4.1990  1203.1
0.0370       21634.2889   21630.0899       4.1990  1203.1
0.0380       21620.9835   21616.7845       4.1990  1203.1
0.0390       21220.3549   21216.1559       4.1990  1203.1
0.0400       21412.5236   21408.3246       4.1990  1203.1
0.0410       21748.4767   21744.2777       4.1990  1203.1
0.0420       21928.7104   21924.5114       4.1990  1203.1
0.0430       22098.7267   22094.5277       4.1990  1203.1
0.0440       21888.1291   21883.9302       4.1990  1203.1
0.0450       21559.8046   21555.6057       4.1990  1203.1
0.0460       21938.3267   21934.1277       4.1990  1203.1
0.0470       22054.2241   22050.0252       4.1990  1203.1
0.0480       21930.8243   21926.6253       4.1990  1203.1
0.0490       21647.1543   21642.9553       4.1990  1203.1
0.0500       21380.2276   21376.0287       4.1990  1203.1
Time[ps]      Etot[eV]     Epot[eV]     Ekin[eV]    T[K]
0.0000       21613.6282   21609.7471       3.8811  1112.1
0.0010       21523.1956   21519.3145       3.8811  1112.1
0.0020       21184.0028   21180.1217       3.8811  1112.1
0.0030       21370.0892   21366.2081       3.8811  1112.1
0.0040       21383.0144   21379.1333       3.8811  1112.1
0.0050       21094.8386   21090.9575       3.8811  1112.1
0.0060       21529.3284   21525.4473       3.8811  1112.1
0.0070       21622.7451   21618.8640       3.8811  1112.1
0.0080       21579.9923   21576.1112       3.8811  1112.1
0.0090       21558.7196   21554.8385       3.8811  1112.1
0.0100       21286.3068   21282.4257       3.8811  1112.1
0.0110       20969.0221   20965.1410       3.8811  1112.1
0.0120       20917.9152   20914.0341       3.8811  1112.1
0.0130       20748.7893   20744.9082       3.8811  1112.1
0.0140       21715.5659   21711.6848       3.8811  1112.1
0.0150       21172.0467   21168.1656       3.8811  1112.1
0.0160       21330.9915   21327.1103       3.8811  1112.1
0.0170       21332.8875   21329.0064       3.8811  1112.1
0.0180       21391.1147   21387.2336       3.8811  1112.1
0.0190       21141.7334   21137.8522       3.8811  1112.1
0.0200       21675.9848   21672.1036       3.8811  1112.1
0.0210       21560.1748   21556.2936       3.8811  1112.1
0.0220       21011.7629   21007.8817       3.8811  1112.1
0.0230       21319.5199   21315.6388       3.8811  1112.1
0.0240       21078.5341   21074.6530       3.8811  1112.1
0.0250       21194.7194   21190.8383       3.8811  1112.1
0.0260       21244.7989   21240.9178       3.8811  1112.1
0.0270       21323.8369   21319.9557       3.8811  1112.1
0.0280       21317.1615   21313.2804       3.8811  1112.1
0.0290       21036.6082   21032.7271       3.8811  1112.1
0.0300       20674.7687   20670.8876       3.8811  1112.1
0.0310       21497.1637   21493.2826       3.8811  1112.1
0.0320       21338.0844   21334.2033       3.8811  1112.1
0.0330       21552.6179   21548.7368       3.8811  1112.1
0.0340       21710.1469   21706.2658       3.8811  1112.1
0.0350       21712.5919   21708.7108       3.8811  1112.1
0.0360       21288.5009   21284.6198       3.8811  1112.1
0.0370       21362.2829   21358.4018       3.8811  1112.1
0.0380       21471.8067   21467.9256       3.8811  1112.1
0.0390       21714.5741   21710.6930       3.8811  1112.1
0.0400       21704.7268   21700.8457       3.8811  1112.1
0.0410       21584.8731   21580.9920       3.8811  1112.1
0.0420       21611.7778   21607.8967       3.8811  1112.1
0.0430       21304.4826   21300.6014       3.8811  1112.1
0.0440       21140.4772   21136.5960       3.8811  1112.1
0.0450       20897.9051   20894.0240       3.8811  1112.1
0.0460       21427.2597   21423.3786       3.8811  1112.1
0.0470       21710.9576   21707.0765       3.8811  1112.1
0.0480       21273.0288   21269.1477       3.8811  1112.1
0.0490       21324.0577   21320.1765       3.8811  1112.1
0.0500       21487.9359   21484.0548       3.8811  1112.1
0.0510       21658.9259   21655.0448       3.8811  1112.1
0.0520       21228.1980   21224.3169       3.8811  1112.1
0.0530       21586.7506   21582.8695       3.8811  1112.1
0.0540       21378.9295   21375.0484       3.8811  1112.1
0.0550       21564.3804   21560.4993       3.8811  1112.1
0.0560       21607.0000   21603.1189       3.8811  1112.1
0.0570       21440.1309   21436.2498       3.8811  1112.1
Time[ps]      Etot[eV]     Epot[eV]     Ekin[eV]    T[K]
0.0000     21371137365.8274 21371137362.6661       3.1612   905.8
0.0010     21619511658.1131 21619511654.9568       3.1563   904.4
0.0020     21284383152.3631 21284383149.2117       3.1514   903.0
0.0030     21273828893.4441 21273828890.2911       3.1531   903.5
0.0040     21181849904.8293 21181849901.5602       3.2691   936.7
0.0050     21313777695.5158 21313777692.0438       3.4720   994.8
0.0060     20950199757.3344 20950199753.7727       3.5617  1020.5
0.0070     20954449344.5791 20954449340.4958       4.0833  1170.0
0.0080     21054912882.3130 21054912878.3180       3.9950  1144.7
0.0090     20965376451.8886 20965376447.7732       4.1154  1179.2
0.0100     20979298397.5535 20979298393.2454       4.3081  1234.4
0.0110     21149636368.2630 21149636363.4466       4.8164  1380.1
0.0120     21151966431.8941 21151966426.2872       5.6069  1606.6
0.0130     20965372141.3833 20965372135.6117       5.7715  1653.7
0.0140     21163654805.3245 21163654799.5049       5.8195  1667.5
0.0150     21180008131.7445 21180008125.7051       6.0394  1730.5
0.0160     21025212377.3862 21025212365.9392      11.4470  3279.9
0.0170     21006177585.6158 21006177558.8062      26.8096  7681.8
0.0180     21478406499.3821 21478406472.5234      26.8587  7695.9
0.0190     21086896874.8356 21086896847.9571      26.8785  7701.5
0.0200     21225268028.5436 21225268001.6427      26.9009  7708.0
0.0210     21391879397.1572 21391879370.2145      26.9427  7719.9
0.0220     20774048486.1927 20774048458.9969      27.1958  7792.5
0.0230     21301237918.9697 21301237891.5138      27.4559  7867.0
0.0240     21429504194.3837 21429504166.9115      27.4722  7871.7
0.0250     21754695815.1575 21754695787.6676      27.4899  7876.7
0.0260     21257294442.2903 21257294414.7689      27.5214  7885.7
0.0270     21439255614.0819 21439255586.5266      27.5553  7895.5
0.0280     22091781874.6805 22091781847.0871      27.5934  7906.4
0.0290     21687471551.3783 21687471523.7548      27.6234  7915.0
0.0300     21527992602.6981 21527992575.0543      27.6438  7920.8
0.0310     21172271183.7757 21172271156.5238      27.2519  7808.5
0.0320     21952360720.5129 21952360693.6607      26.8521  7694.0
0.0330     21826392939.2404 21826392912.1576      27.0829  7760.1
0.0340     22276933503.3279 22276933475.6251      27.7029  7937.7
0.0350     22120414690.6769 22120414662.9058      27.7711  7957.3
0.0360     21912250825.5536 21912250797.7711      27.7825  7960.5
0.0370     22042439948.8802 22042439920.5133      28.3669  8128.0
0.0380     21982051395.7993 21982051367.3872      28.4121  8140.9
0.0390     21935583680.4466 21935583652.0082      28.4384  8148.5
0.0400     21231431204.3121 21231431175.8540      28.4581  8154.1
0.0410     21622754648.8338 21622754620.3791      28.4548  8153.2
0.0420     22293623863.9265 22293623835.4483      28.4782  8159.9
0.0430     22045885957.0133 22045885928.5400      28.4733  8158.5
0.0440     21788194049.5935 21788194021.1217      28.4718  8158.1
0.0450     22209121789.3523 22209121760.7892      28.5631  8184.2
0.0460     22338980602.2460 22338980573.5063      28.7397  8234.8
0.0470     22212383927.7109 22212383898.4989      29.2120  8370.1
0.0480     22085477859.3055 22085477829.5641      29.7414  8521.9
0.0490     22129065402.2016 22129065338.5447      63.6569  18239.7
0.0500     22321964853.6528 22321964789.9915      63.6613  18241.0
0.0510     22290688280.0257 22290688216.3683      63.6574  18239.8
0.0520     22587431241.2988 22587431177.6178      63.6809  18246.6
0.0530     22218559970.2500 22218559906.5655      63.6846  18247.6
0.0540     22070008856.5491 22070008792.8277      63.7214  18258.2
0.0550     22553481313.8269 22553481250.0689      63.7581  18268.7
0.0560     22344192028.3053 22344191964.4683      63.8371  18291.3
0.0570     22064560985.5184 22064560921.5557      63.9627  18327.3
0.0580     22148079080.5834 22148079016.6480      63.9354  18319.5
0.0590     22327537048.3977 22327536984.4850      63.9126  18313.0
0.0600     22711550226.8291 22711550162.9403      63.8888  18306.1
0.0610     22890609160.3001 22890609096.4573      63.8428  18293.0
0.0620     22872270983.6042 22872270919.7958      63.8084  18283.1
0.0630     22643452955.4704 22643452891.7081      63.7623  18269.9
0.0640     22364094123.1251 22364094059.4229      63.7022  18252.7
0.0650     22580664957.3441 22580664893.5524      63.7917  18278.3
0.0660     22474367683.8003 22474367619.7651      64.0352  18348.1
0.0670     23000088224.1787 23000088160.0494      64.1293  18375.1
0.0680     22830411041.0966 22830410976.9088      64.1878  18391.8
0.0690     22725060362.6758 22725060298.4321      64.2437  18407.8
0.0700     22968014803.0241 22968014738.7298      64.2943  18422.3
0.0710     22763993133.0461 22763993068.8456      64.2005  18395.5
0.0720     23058626003.7880 23058625939.6824      64.1056  18368.3
0.0730     23088445540.1898 23088445476.0768      64.1130  18370.4
0.0740     23365962272.6855 23365962208.5708      64.1147  18370.9
0.0750     23293675567.4486 23293675503.3173      64.1312  18375.6
0.0760     22880621242.4713 22880621178.3729      64.0985  18366.2
0.0770     22995126921.4612 22995126857.4063      64.0549  18353.7
0.0780     23161342102.3882 23161342038.3465      64.0417  18350.0
0.0790     23453017695.7010 23453017631.6604      64.0406  18349.6
0.0800     23091145748.1969 23091145684.1416      64.0553  18353.9
0.0810     23346041595.4352 23346041531.3788      64.0564  18354.2
0.0820     23493206757.1097 23493206693.0687      64.0410  18349.8
0.0830     23499142790.3323 23499142726.3011      64.0312  18347.0
0.0840     23628708217.4194 23628708153.4034      64.0160  18342.6
0.0850     23244818563.6791 23244818495.4682      68.2109  19544.6
0.0860     24084282244.4261 24084282166.3521      78.0740  22370.7
0.0870     23870036600.6838 23870036522.6677      78.0161  22354.1
0.0880     23974455638.1182 23974455560.0332      78.0850  22373.8
0.0890     23851351113.7426 23851351035.5613      78.1813  22401.4
0.0900     24188786120.5163 24188786042.3311      78.1852  22402.5
0.0910     24526512200.0615 24526512121.8607      78.2009  22407.0
0.0920     24330989765.6347 24330989687.4341      78.2006  22406.9
0.0930     24511863471.8145 24511863393.6703      78.1442  22390.8
0.0940     25100065359.9585 25100065281.8625      78.0960  22377.0
0.0950     24639537278.9467 24639537200.8483      78.0984  22377.7
0.0960     24399809306.4687 24399809228.2081      78.2605  22424.1
0.0970     24769945328.3781 24769945249.9169      78.4612  22481.6
0.0980     24878193314.4746 24878193236.0357      78.4389  22475.2
0.0990     24731536303.5753 24731536225.1466      78.4287  22472.3
0.1000     25054897843.4719 25054897765.0630      78.4089  22466.6
0.1010     25542072573.8536 25542072495.4644      78.3892  22461.0
0.1020     25281413910.6799 25281413832.2956      78.3844  22459.6
0.1030     25121278052.2733 25121277973.8925      78.3809  22458.6
0.1040     25508770592.4350 25508770514.0564      78.3786  22457.9
0.1050     25446453175.3571 25446453096.9812      78.3759  22457.1
0.1060     25689286924.0724 25689286845.6997      78.3728  22456.3
0.1070     25183620179.9768 25183620101.6085      78.3683  22455.0
0.1080     25440483341.6260 25440483263.1135      78.5124  22496.3
0.1090     25293884948.8528 25293884870.1819      78.6709  22541.7
0.1100     25465568334.3552 25465568255.6792      78.6760  22543.1
0.1110     25393699773.8953 25393699695.2271      78.6682  22540.9
0.1120     25709457936.7729 25709457858.1212      78.6517  22536.2
0.1130     25952199938.4562 25952199859.8429      78.6133  22525.2
0.1140     25908416039.3112 25908415960.7945      78.5167  22497.5
0.1150     25494511413.5850 25494511335.1768      78.4082  22466.4
0.1160     25596747574.3382 25596747496.0726      78.2657  22425.6
0.1170     25794123182.0538 25794123103.6808      78.3731  22456.3
0.1180     25513439253.8838 25513439175.2379      78.6459  22534.5
0.1190     25735573674.0271 25735573595.2839      78.7432  22562.4
0.1200     25497838520.8925 25497838442.1065      78.7860  22574.7
0.1210     25280250847.6148 25280250768.8251      78.7897  22575.7
0.1220     25267195366.5749 25267195287.7906      78.7843  22574.2
0.1230     24967725250.4433 24967725171.6628      78.7806  22573.1
0.1240     24794612104.1085 24794612025.3242      78.7843  22574.2
0.1250     24757058111.4948 24757058032.7044      78.7904  22575.9
0.1260     24920348244.2807 24920348165.4792      78.8015  22579.1
0.1270     25034320105.2383 25034320026.4328      78.8054  22580.2
0.1280     24742378141.3574 24742378062.5503      78.8071  22580.7
0.1290     24853362834.4781 24853362755.6759      78.8022  22579.3
0.1300     24791459565.8010 24791459487.0037      78.7973  22577.9
0.1310     24901613231.5539 24901613152.7619      78.7921  22576.4
0.1320     24851990461.6044 24851990382.8214      78.7830  22573.8
0.1330     24721243019.7631 24721242940.9973      78.7658  22568.9
0.1340     24354992556.0081 24354992476.9831      79.0250  22643.1
0.1350     24730257629.0078 24730257548.7624      80.2454  22992.8
0.1360     24776133929.1998 24776133848.9480      80.2519  22994.7
0.1370     24868447312.1479 24868447231.8968      80.2511  22994.5
0.1380     24473670670.5444 24473670591.2677      79.2767  22715.3
0.1390     24557807708.0964 24557807629.7376      78.3589  22452.3
0.1400     24412450396.6549 24412450318.3076      78.3473  22449.0
0.1410     25065157317.3997 25065157239.0668      78.3329  22444.8
0.1420     24810143816.8563 24810143738.5322      78.3241  22442.3
0.1430     24758876165.4348 24758876087.1165      78.3183  22440.7
0.1440     24162013693.9511 24162013615.6458      78.3054  22436.9
0.1450     24756438166.9439 24756438088.6562      78.2877  22431.9
0.1460     24955910069.3194 24955909991.0396      78.2798  22429.6
0.1470     25281825388.9391 25281825310.6587      78.2805  22429.8
0.1480     25363221522.8426 25363221444.5611      78.2815  22430.1
0.1490     25336810348.9513 25336810270.6681      78.2832  22430.6
0.1500     25084288813.6207 25084288735.3362      78.2845  22431.0
